<?xml version="1.0" encoding="UTF-8"?>
<!-- Generated by org.testng.reporters.JUnitXMLReporter -->
<testsuite ignored="0" hostname="DESKTOP-2HB8R9D" failures="0" tests="4" name="Various Add to Cart Default" time="8.887" errors="0" timestamp="2023-01-05T12:42:25 CET">
  <testcase classname="testsWithLoggedInUser.AddToCartTest" name="addToCartTest" time="0.415"/>
  <testcase classname="testsWithLoggedInUser.RemoveFromCartTest" name="addToCartTest" time="0.413"/>
  <testcase classname="testsWithLoggedInUser.AddRandomItemToCart" name="addRandomItemToCart" time="0.181"/>
  <testcase classname="testsWithLoggedInUser.AddMinMaxCostToCart" name="addMinMaxToCart" time="0.593"/>
</testsuite> <!-- Various Add to Cart Default -->
