<?xml version="1.0" encoding="UTF-8"?>
<!-- Generated by org.testng.reporters.JUnitXMLReporter -->
<testsuite ignored="0" hostname="DESKTOP-2HB8R9D" failures="0" tests="12" name="Chrome Tests" time="23.017" errors="0" timestamp="2023-01-04T12:54:24 CET">
  <testcase classname="loginTests.FailedLoginTest" name="failedLogin" time="0.398"/>
  <testcase classname="loginTests.FailedLoginTest" name="failedLogin" time="0.394"/>
  <testcase classname="loginTests.FailedLoginTest" name="failedLogin" time="0.371"/>
  <testcase classname="loginTests.FailedLoginTest" name="failedLogin" time="0.357"/>
  <testcase classname="loginTests.FailedLoginTest" name="failedLogin" time="0.373"/>
  <testcase classname="loginTests.FailedLoginTest" name="failedLogin" time="0.362"/>
  <testcase classname="loginTests.LoginTest" name="login" time="0.456"/>
  <testcase classname="testsWithLoggedInUser.LogoutTest" name="logoutTest" time="0.815"/>
  <testcase classname="testsWithLoggedInUser.AddToCartTest" name="addToCartTest" time="0.305"/>
  <testcase classname="testsWithLoggedInUser.RemoveFromCartTest" name="addToCartTest" time="0.399"/>
  <testcase classname="testsWithLoggedInUser.AddRandomItemToCart" name="addRandomItemToCart" time="0.179"/>
  <testcase classname="testsWithLoggedInUser.AddMinMaxCostToCart" name="addMinMaxToCart" time="0.645"/>
</testsuite> <!-- Chrome Tests -->
