<?xml version="1.0" encoding="UTF-8"?>
<!-- Generated by org.testng.reporters.JUnitXMLReporter -->
<testsuite ignored="0" hostname="DESKTOP-2HB8R9D" failures="0" tests="12" name="Edge Tests" time="24.216" errors="0" timestamp="2023-01-04T12:55:40 CET">
  <testcase classname="loginTests.FailedLoginTest" name="failedLogin" time="0.343"/>
  <testcase classname="loginTests.FailedLoginTest" name="failedLogin" time="0.371"/>
  <testcase classname="loginTests.FailedLoginTest" name="failedLogin" time="0.349"/>
  <testcase classname="loginTests.FailedLoginTest" name="failedLogin" time="0.276"/>
  <testcase classname="loginTests.FailedLoginTest" name="failedLogin" time="0.302"/>
  <testcase classname="loginTests.FailedLoginTest" name="failedLogin" time="0.367"/>
  <testcase classname="loginTests.LoginTest" name="login" time="0.455"/>
  <testcase classname="testsWithLoggedInUser.LogoutTest" name="logoutTest" time="0.872"/>
  <testcase classname="testsWithLoggedInUser.AddToCartTest" name="addToCartTest" time="0.333"/>
  <testcase classname="testsWithLoggedInUser.RemoveFromCartTest" name="addToCartTest" time="0.395"/>
  <testcase classname="testsWithLoggedInUser.AddRandomItemToCart" name="addRandomItemToCart" time="0.276"/>
  <testcase classname="testsWithLoggedInUser.AddMinMaxCostToCart" name="addMinMaxToCart" time="0.607"/>
</testsuite> <!-- Edge Tests -->
