<?xml version="1.0" encoding="UTF-8"?>
<!-- Generated by org.testng.reporters.JUnitXMLReporter -->
<testsuite ignored="0" hostname="DESKTOP-2HB8R9D" failures="0" tests="12" name="Firefox tests" time="51.237" errors="0" timestamp="2023-01-04T12:55:16 CET">
  <testcase classname="loginTests.FailedLoginTest" name="failedLogin" time="0.418"/>
  <testcase classname="loginTests.FailedLoginTest" name="failedLogin" time="0.452"/>
  <testcase classname="loginTests.FailedLoginTest" name="failedLogin" time="0.447"/>
  <testcase classname="loginTests.FailedLoginTest" name="failedLogin" time="0.387"/>
  <testcase classname="loginTests.FailedLoginTest" name="failedLogin" time="0.428"/>
  <testcase classname="loginTests.FailedLoginTest" name="failedLogin" time="0.409"/>
  <testcase classname="loginTests.LoginTest" name="login" time="0.483"/>
  <testcase classname="testsWithLoggedInUser.LogoutTest" name="logoutTest" time="0.509"/>
  <testcase classname="testsWithLoggedInUser.AddToCartTest" name="addToCartTest" time="0.622"/>
  <testcase classname="testsWithLoggedInUser.RemoveFromCartTest" name="addToCartTest" time="0.874"/>
  <testcase classname="testsWithLoggedInUser.AddRandomItemToCart" name="addRandomItemToCart" time="0.25"/>
  <testcase classname="testsWithLoggedInUser.AddMinMaxCostToCart" name="addMinMaxToCart" time="0.671"/>
</testsuite> <!-- Firefox tests -->
