<?xml version="1.0" encoding="UTF-8"?>
<!-- Generated by org.testng.reporters.JUnitXMLReporter -->
<testsuite ignored="0" hostname="DESKTOP-2HB8R9D" failures="0" tests="8" name="Login Default" time="17.821" errors="0" timestamp="2023-01-05T12:42:16 CET">
  <testcase classname="loginTests.FailedLoginTest" name="failedLogin" time="0.432"/>
  <testcase classname="loginTests.FailedLoginTest" name="failedLogin" time="0.547"/>
  <testcase classname="loginTests.FailedLoginTest" name="failedLogin" time="0.473"/>
  <testcase classname="loginTests.FailedLoginTest" name="failedLogin" time="0.482"/>
  <testcase classname="loginTests.FailedLoginTest" name="failedLogin" time="0.486"/>
  <testcase classname="loginTests.FailedLoginTest" name="failedLogin" time="0.478"/>
  <testcase classname="loginTests.LoginTest" name="login" time="0.612"/>
  <testcase classname="testsWithLoggedInUser.LogoutTest" name="logoutTest" time="0.811"/>
</testsuite> <!-- Login Default -->
