<?xml version="1.0" encoding="UTF-8"?>
<testng-results ignored="0" total="1" passed="1" failed="0" skipped="0">
  <reporter-output>
  </reporter-output>
  <suite started-at="2023-01-05T13:00:36 CET" name="Single test" finished-at="2023-01-05T13:00:40 CET" duration-ms="3813">
    <groups>
    </groups>
    <test started-at="2023-01-05T13:00:36 CET" name="Add min and max price to cart" finished-at="2023-01-05T13:00:40 CET" duration-ms="3813">
      <class name="testsWithLoggedInUser.AddMinMaxCostToCart">
        <test-method is-config="true" signature="setup(java.lang.String)[pri:0, instance:testsWithLoggedInUser.AddMinMaxCostToCart@6293abcc]" started-at="2023-01-05T13:00:36 CET" name="setup" finished-at="2023-01-05T13:00:39 CET" duration-ms="2904" status="PASS">
          <params>
            <param index="0">
              <value>
                <![CDATA[chrome]]>
              </value>
            </param>
          </params>
          <reporter-output>
          </reporter-output>
        </test-method> <!-- setup -->
        <test-method signature="addMinMaxToCart()[pri:0, instance:testsWithLoggedInUser.AddMinMaxCostToCart@6293abcc]" started-at="2023-01-05T13:00:39 CET" name="addMinMaxToCart" finished-at="2023-01-05T13:00:40 CET" duration-ms="722" status="PASS">
          <reporter-output>
          </reporter-output>
        </test-method> <!-- addMinMaxToCart -->
        <test-method is-config="true" signature="tearDown()[pri:0, instance:testsWithLoggedInUser.AddMinMaxCostToCart@6293abcc]" started-at="2023-01-05T13:00:40 CET" name="tearDown" finished-at="2023-01-05T13:00:40 CET" duration-ms="146" status="PASS">
          <reporter-output>
          </reporter-output>
        </test-method> <!-- tearDown -->
      </class> <!-- testsWithLoggedInUser.AddMinMaxCostToCart -->
    </test> <!-- Add min and max price to cart -->
  </suite> <!-- Single test -->
</testng-results>
