<?xml version="1.0" encoding="UTF-8"?>
<testng-results ignored="0" total="36" passed="36" failed="0" skipped="0">
  <reporter-output>
  </reporter-output>
  <suite started-at="2023-01-04T12:54:01 CET" name="Regression" finished-at="2023-01-04T12:55:40 CET" duration-ms="98487">
    <groups>
    </groups>
    <test started-at="2023-01-04T12:54:01 CET" name="Chrome Tests" finished-at="2023-01-04T12:54:24 CET" duration-ms="23017">
      <class name="testsWithLoggedInUser.RemoveFromCartTest">
        <test-method is-config="true" signature="setup(java.lang.String)[pri:0, instance:testsWithLoggedInUser.RemoveFromCartTest@163e4e87]" started-at="2023-01-04T12:54:18 CET" name="setup" finished-at="2023-01-04T12:54:20 CET" duration-ms="1476" status="PASS">
          <params>
            <param index="0">
              <value>
                <![CDATA[chrome]]>
              </value>
            </param>
          </params>
          <reporter-output>
          </reporter-output>
        </test-method> <!-- setup -->
        <test-method signature="addToCartTest()[pri:0, instance:testsWithLoggedInUser.RemoveFromCartTest@163e4e87]" started-at="2023-01-04T12:54:20 CET" name="addToCartTest" finished-at="2023-01-04T12:54:20 CET" duration-ms="399" status="PASS">
          <reporter-output>
          </reporter-output>
        </test-method> <!-- addToCartTest -->
        <test-method is-config="true" signature="tearDown()[pri:0, instance:testsWithLoggedInUser.RemoveFromCartTest@163e4e87]" started-at="2023-01-04T12:54:20 CET" name="tearDown" finished-at="2023-01-04T12:54:20 CET" duration-ms="119" status="PASS">
          <reporter-output>
          </reporter-output>
        </test-method> <!-- tearDown -->
      </class> <!-- testsWithLoggedInUser.RemoveFromCartTest -->
      <class name="loginTests.FailedLoginTest">
        <test-method is-config="true" signature="setup(java.lang.String)[pri:0, instance:loginTests.FailedLoginTest@37918c79]" started-at="2023-01-04T12:54:01 CET" name="setup" finished-at="2023-01-04T12:54:04 CET" duration-ms="2196" status="PASS">
          <params>
            <param index="0">
              <value>
                <![CDATA[chrome]]>
              </value>
            </param>
          </params>
          <reporter-output>
          </reporter-output>
        </test-method> <!-- setup -->
        <test-method signature="failedLogin(java.lang.String,java.lang.String,java.lang.String)[pri:0, instance:loginTests.FailedLoginTest@37918c79]" started-at="2023-01-04T12:54:04 CET" name="failedLogin" data-provider="failedLogin" finished-at="2023-01-04T12:54:04 CET" duration-ms="398" status="PASS">
          <params>
            <param index="0">
              <value>
                <![CDATA[invalidUser]]>
              </value>
            </param>
            <param index="1">
              <value>
                <![CDATA[invalidPassword]]>
              </value>
            </param>
            <param index="2">
              <value>
                <![CDATA[Epic sadface: Username and password do not match any user in this service]]>
              </value>
            </param>
          </params>
          <reporter-output>
          </reporter-output>
        </test-method> <!-- failedLogin -->
        <test-method is-config="true" signature="tearDown()[pri:0, instance:loginTests.FailedLoginTest@37918c79]" started-at="2023-01-04T12:54:04 CET" name="tearDown" finished-at="2023-01-04T12:54:04 CET" duration-ms="125" status="PASS">
          <reporter-output>
          </reporter-output>
        </test-method> <!-- tearDown -->
        <test-method is-config="true" signature="setup(java.lang.String)[pri:0, instance:loginTests.FailedLoginTest@37918c79]" started-at="2023-01-04T12:54:04 CET" name="setup" finished-at="2023-01-04T12:54:05 CET" duration-ms="1144" status="PASS">
          <params>
            <param index="0">
              <value>
                <![CDATA[chrome]]>
              </value>
            </param>
          </params>
          <reporter-output>
          </reporter-output>
        </test-method> <!-- setup -->
        <test-method signature="failedLogin(java.lang.String,java.lang.String,java.lang.String)[pri:0, instance:loginTests.FailedLoginTest@37918c79]" started-at="2023-01-04T12:54:05 CET" name="failedLogin" data-provider="failedLogin" finished-at="2023-01-04T12:54:06 CET" duration-ms="394" status="PASS">
          <params>
            <param index="0">
              <value>
                <![CDATA[standard_user]]>
              </value>
            </param>
            <param index="1">
              <value>
                <![CDATA[invalidPassword]]>
              </value>
            </param>
            <param index="2">
              <value>
                <![CDATA[Epic sadface: Username and password do not match any user in this service]]>
              </value>
            </param>
          </params>
          <reporter-output>
          </reporter-output>
        </test-method> <!-- failedLogin -->
        <test-method is-config="true" signature="tearDown()[pri:0, instance:loginTests.FailedLoginTest@37918c79]" started-at="2023-01-04T12:54:06 CET" name="tearDown" finished-at="2023-01-04T12:54:06 CET" duration-ms="140" status="PASS">
          <reporter-output>
          </reporter-output>
        </test-method> <!-- tearDown -->
        <test-method is-config="true" signature="setup(java.lang.String)[pri:0, instance:loginTests.FailedLoginTest@37918c79]" started-at="2023-01-04T12:54:06 CET" name="setup" finished-at="2023-01-04T12:54:07 CET" duration-ms="1134" status="PASS">
          <params>
            <param index="0">
              <value>
                <![CDATA[chrome]]>
              </value>
            </param>
          </params>
          <reporter-output>
          </reporter-output>
        </test-method> <!-- setup -->
        <test-method signature="failedLogin(java.lang.String,java.lang.String,java.lang.String)[pri:0, instance:loginTests.FailedLoginTest@37918c79]" started-at="2023-01-04T12:54:07 CET" name="failedLogin" data-provider="failedLogin" finished-at="2023-01-04T12:54:07 CET" duration-ms="371" status="PASS">
          <params>
            <param index="0">
              <value>
                <![CDATA[invalidUser]]>
              </value>
            </param>
            <param index="1">
              <value>
                <![CDATA[secret_sauce]]>
              </value>
            </param>
            <param index="2">
              <value>
                <![CDATA[Epic sadface: Username and password do not match any user in this service]]>
              </value>
            </param>
          </params>
          <reporter-output>
          </reporter-output>
        </test-method> <!-- failedLogin -->
        <test-method is-config="true" signature="tearDown()[pri:0, instance:loginTests.FailedLoginTest@37918c79]" started-at="2023-01-04T12:54:07 CET" name="tearDown" finished-at="2023-01-04T12:54:07 CET" duration-ms="129" status="PASS">
          <reporter-output>
          </reporter-output>
        </test-method> <!-- tearDown -->
        <test-method is-config="true" signature="setup(java.lang.String)[pri:0, instance:loginTests.FailedLoginTest@37918c79]" started-at="2023-01-04T12:54:07 CET" name="setup" finished-at="2023-01-04T12:54:09 CET" duration-ms="1089" status="PASS">
          <params>
            <param index="0">
              <value>
                <![CDATA[chrome]]>
              </value>
            </param>
          </params>
          <reporter-output>
          </reporter-output>
        </test-method> <!-- setup -->
        <test-method signature="failedLogin(java.lang.String,java.lang.String,java.lang.String)[pri:0, instance:loginTests.FailedLoginTest@37918c79]" started-at="2023-01-04T12:54:09 CET" name="failedLogin" data-provider="failedLogin" finished-at="2023-01-04T12:54:09 CET" duration-ms="357" status="PASS">
          <params>
            <param index="0">
              <value>
                <![CDATA[]]>
              </value>
            </param>
            <param index="1">
              <value>
                <![CDATA[]]>
              </value>
            </param>
            <param index="2">
              <value>
                <![CDATA[Epic sadface: Username is required]]>
              </value>
            </param>
          </params>
          <reporter-output>
          </reporter-output>
        </test-method> <!-- failedLogin -->
        <test-method is-config="true" signature="tearDown()[pri:0, instance:loginTests.FailedLoginTest@37918c79]" started-at="2023-01-04T12:54:09 CET" name="tearDown" finished-at="2023-01-04T12:54:09 CET" duration-ms="134" status="PASS">
          <reporter-output>
          </reporter-output>
        </test-method> <!-- tearDown -->
        <test-method is-config="true" signature="setup(java.lang.String)[pri:0, instance:loginTests.FailedLoginTest@37918c79]" started-at="2023-01-04T12:54:09 CET" name="setup" finished-at="2023-01-04T12:54:10 CET" duration-ms="1106" status="PASS">
          <params>
            <param index="0">
              <value>
                <![CDATA[chrome]]>
              </value>
            </param>
          </params>
          <reporter-output>
          </reporter-output>
        </test-method> <!-- setup -->
        <test-method signature="failedLogin(java.lang.String,java.lang.String,java.lang.String)[pri:0, instance:loginTests.FailedLoginTest@37918c79]" started-at="2023-01-04T12:54:10 CET" name="failedLogin" data-provider="failedLogin" finished-at="2023-01-04T12:54:11 CET" duration-ms="373" status="PASS">
          <params>
            <param index="0">
              <value>
                <![CDATA[invalidUser]]>
              </value>
            </param>
            <param index="1">
              <value>
                <![CDATA[]]>
              </value>
            </param>
            <param index="2">
              <value>
                <![CDATA[Epic sadface: Password is required]]>
              </value>
            </param>
          </params>
          <reporter-output>
          </reporter-output>
        </test-method> <!-- failedLogin -->
        <test-method is-config="true" signature="tearDown()[pri:0, instance:loginTests.FailedLoginTest@37918c79]" started-at="2023-01-04T12:54:11 CET" name="tearDown" finished-at="2023-01-04T12:54:11 CET" duration-ms="122" status="PASS">
          <reporter-output>
          </reporter-output>
        </test-method> <!-- tearDown -->
        <test-method is-config="true" signature="setup(java.lang.String)[pri:0, instance:loginTests.FailedLoginTest@37918c79]" started-at="2023-01-04T12:54:11 CET" name="setup" finished-at="2023-01-04T12:54:12 CET" duration-ms="1164" status="PASS">
          <params>
            <param index="0">
              <value>
                <![CDATA[chrome]]>
              </value>
            </param>
          </params>
          <reporter-output>
          </reporter-output>
        </test-method> <!-- setup -->
        <test-method signature="failedLogin(java.lang.String,java.lang.String,java.lang.String)[pri:0, instance:loginTests.FailedLoginTest@37918c79]" started-at="2023-01-04T12:54:12 CET" name="failedLogin" data-provider="failedLogin" finished-at="2023-01-04T12:54:12 CET" duration-ms="362" status="PASS">
          <params>
            <param index="0">
              <value>
                <![CDATA[]]>
              </value>
            </param>
            <param index="1">
              <value>
                <![CDATA[invalidPassword]]>
              </value>
            </param>
            <param index="2">
              <value>
                <![CDATA[Epic sadface: Username is required]]>
              </value>
            </param>
          </params>
          <reporter-output>
          </reporter-output>
        </test-method> <!-- failedLogin -->
        <test-method is-config="true" signature="tearDown()[pri:0, instance:loginTests.FailedLoginTest@37918c79]" started-at="2023-01-04T12:54:12 CET" name="tearDown" finished-at="2023-01-04T12:54:12 CET" duration-ms="118" status="PASS">
          <reporter-output>
          </reporter-output>
        </test-method> <!-- tearDown -->
      </class> <!-- loginTests.FailedLoginTest -->
      <class name="testsWithLoggedInUser.AddRandomItemToCart">
        <test-method is-config="true" signature="setup(java.lang.String)[pri:0, instance:testsWithLoggedInUser.AddRandomItemToCart@56de5251]" started-at="2023-01-04T12:54:20 CET" name="setup" finished-at="2023-01-04T12:54:22 CET" duration-ms="1425" status="PASS">
          <params>
            <param index="0">
              <value>
                <![CDATA[chrome]]>
              </value>
            </param>
          </params>
          <reporter-output>
          </reporter-output>
        </test-method> <!-- setup -->
        <test-method signature="addRandomItemToCart()[pri:0, instance:testsWithLoggedInUser.AddRandomItemToCart@56de5251]" started-at="2023-01-04T12:54:22 CET" name="addRandomItemToCart" finished-at="2023-01-04T12:54:22 CET" duration-ms="179" status="PASS">
          <reporter-output>
          </reporter-output>
        </test-method> <!-- addRandomItemToCart -->
        <test-method is-config="true" signature="tearDown()[pri:0, instance:testsWithLoggedInUser.AddRandomItemToCart@56de5251]" started-at="2023-01-04T12:54:22 CET" name="tearDown" finished-at="2023-01-04T12:54:22 CET" duration-ms="151" status="PASS">
          <reporter-output>
          </reporter-output>
        </test-method> <!-- tearDown -->
      </class> <!-- testsWithLoggedInUser.AddRandomItemToCart -->
      <class name="loginTests.LoginTest">
        <test-method is-config="true" signature="setup(java.lang.String)[pri:0, instance:loginTests.LoginTest@4e91d63f]" started-at="2023-01-04T12:54:12 CET" name="setup" finished-at="2023-01-04T12:54:13 CET" duration-ms="1150" status="PASS">
          <params>
            <param index="0">
              <value>
                <![CDATA[chrome]]>
              </value>
            </param>
          </params>
          <reporter-output>
          </reporter-output>
        </test-method> <!-- setup -->
        <test-method signature="login()[pri:0, instance:loginTests.LoginTest@4e91d63f]" started-at="2023-01-04T12:54:13 CET" name="login" finished-at="2023-01-04T12:54:14 CET" duration-ms="456" status="PASS">
          <reporter-output>
          </reporter-output>
        </test-method> <!-- login -->
        <test-method is-config="true" signature="tearDown()[pri:0, instance:loginTests.LoginTest@4e91d63f]" started-at="2023-01-04T12:54:14 CET" name="tearDown" finished-at="2023-01-04T12:54:14 CET" duration-ms="126" status="PASS">
          <reporter-output>
          </reporter-output>
        </test-method> <!-- tearDown -->
      </class> <!-- loginTests.LoginTest -->
      <class name="testsWithLoggedInUser.AddMinMaxCostToCart">
        <test-method is-config="true" signature="setup(java.lang.String)[pri:0, instance:testsWithLoggedInUser.AddMinMaxCostToCart@419c5f1a]" started-at="2023-01-04T12:54:22 CET" name="setup" finished-at="2023-01-04T12:54:24 CET" duration-ms="1512" status="PASS">
          <params>
            <param index="0">
              <value>
                <![CDATA[chrome]]>
              </value>
            </param>
          </params>
          <reporter-output>
          </reporter-output>
        </test-method> <!-- setup -->
        <test-method signature="addMinMaxToCart()[pri:0, instance:testsWithLoggedInUser.AddMinMaxCostToCart@419c5f1a]" started-at="2023-01-04T12:54:24 CET" name="addMinMaxToCart" finished-at="2023-01-04T12:54:24 CET" duration-ms="645" status="PASS">
          <reporter-output>
          </reporter-output>
        </test-method> <!-- addMinMaxToCart -->
        <test-method is-config="true" signature="tearDown()[pri:0, instance:testsWithLoggedInUser.AddMinMaxCostToCart@419c5f1a]" started-at="2023-01-04T12:54:24 CET" name="tearDown" finished-at="2023-01-04T12:54:24 CET" duration-ms="134" status="PASS">
          <reporter-output>
          </reporter-output>
        </test-method> <!-- tearDown -->
      </class> <!-- testsWithLoggedInUser.AddMinMaxCostToCart -->
      <class name="testsWithLoggedInUser.LogoutTest">
        <test-method is-config="true" signature="setup(java.lang.String)[pri:0, instance:testsWithLoggedInUser.LogoutTest@d4342c2]" started-at="2023-01-04T12:54:14 CET" name="setup" finished-at="2023-01-04T12:54:16 CET" duration-ms="1511" status="PASS">
          <params>
            <param index="0">
              <value>
                <![CDATA[chrome]]>
              </value>
            </param>
          </params>
          <reporter-output>
          </reporter-output>
        </test-method> <!-- setup -->
        <test-method signature="logoutTest()[pri:0, instance:testsWithLoggedInUser.LogoutTest@d4342c2]" started-at="2023-01-04T12:54:16 CET" name="logoutTest" finished-at="2023-01-04T12:54:16 CET" duration-ms="815" status="PASS">
          <reporter-output>
          </reporter-output>
        </test-method> <!-- logoutTest -->
        <test-method is-config="true" signature="tearDown()[pri:0, instance:testsWithLoggedInUser.LogoutTest@d4342c2]" started-at="2023-01-04T12:54:16 CET" name="tearDown" finished-at="2023-01-04T12:54:16 CET" duration-ms="129" status="PASS">
          <reporter-output>
          </reporter-output>
        </test-method> <!-- tearDown -->
      </class> <!-- testsWithLoggedInUser.LogoutTest -->
      <class name="testsWithLoggedInUser.AddToCartTest">
        <test-method is-config="true" signature="setup(java.lang.String)[pri:0, instance:testsWithLoggedInUser.AddToCartTest@2bbf180e]" started-at="2023-01-04T12:54:16 CET" name="setup" finished-at="2023-01-04T12:54:18 CET" duration-ms="1430" status="PASS">
          <params>
            <param index="0">
              <value>
                <![CDATA[chrome]]>
              </value>
            </param>
          </params>
          <reporter-output>
          </reporter-output>
        </test-method> <!-- setup -->
        <test-method signature="addToCartTest()[pri:0, instance:testsWithLoggedInUser.AddToCartTest@2bbf180e]" started-at="2023-01-04T12:54:18 CET" name="addToCartTest" finished-at="2023-01-04T12:54:18 CET" duration-ms="305" status="PASS">
          <reporter-output>
          </reporter-output>
        </test-method> <!-- addToCartTest -->
        <test-method is-config="true" signature="tearDown()[pri:0, instance:testsWithLoggedInUser.AddToCartTest@2bbf180e]" started-at="2023-01-04T12:54:18 CET" name="tearDown" finished-at="2023-01-04T12:54:18 CET" duration-ms="127" status="PASS">
          <reporter-output>
          </reporter-output>
        </test-method> <!-- tearDown -->
      </class> <!-- testsWithLoggedInUser.AddToCartTest -->
    </test> <!-- Chrome Tests -->
    <test started-at="2023-01-04T12:54:24 CET" name="Firefox tests" finished-at="2023-01-04T12:55:16 CET" duration-ms="51237">
      <class name="testsWithLoggedInUser.RemoveFromCartTest">
        <test-method is-config="true" signature="setup(java.lang.String)[pri:0, instance:testsWithLoggedInUser.RemoveFromCartTest@1184ab05]" started-at="2023-01-04T12:55:02 CET" name="setup" finished-at="2023-01-04T12:55:05 CET" duration-ms="3445" status="PASS">
          <params>
            <param index="0">
              <value>
                <![CDATA[firefox]]>
              </value>
            </param>
          </params>
          <reporter-output>
          </reporter-output>
        </test-method> <!-- setup -->
        <test-method signature="addToCartTest()[pri:0, instance:testsWithLoggedInUser.RemoveFromCartTest@1184ab05]" started-at="2023-01-04T12:55:05 CET" name="addToCartTest" finished-at="2023-01-04T12:55:06 CET" duration-ms="874" status="PASS">
          <reporter-output>
          </reporter-output>
        </test-method> <!-- addToCartTest -->
        <test-method is-config="true" signature="tearDown()[pri:0, instance:testsWithLoggedInUser.RemoveFromCartTest@1184ab05]" started-at="2023-01-04T12:55:06 CET" name="tearDown" finished-at="2023-01-04T12:55:07 CET" duration-ms="723" status="PASS">
          <reporter-output>
          </reporter-output>
        </test-method> <!-- tearDown -->
      </class> <!-- testsWithLoggedInUser.RemoveFromCartTest -->
      <class name="loginTests.FailedLoginTest">
        <test-method is-config="true" signature="setup(java.lang.String)[pri:0, instance:loginTests.FailedLoginTest@7f552bd3]" started-at="2023-01-04T12:54:24 CET" name="setup" finished-at="2023-01-04T12:54:27 CET" duration-ms="3095" status="PASS">
          <params>
            <param index="0">
              <value>
                <![CDATA[firefox]]>
              </value>
            </param>
          </params>
          <reporter-output>
          </reporter-output>
        </test-method> <!-- setup -->
        <test-method signature="failedLogin(java.lang.String,java.lang.String,java.lang.String)[pri:0, instance:loginTests.FailedLoginTest@7f552bd3]" started-at="2023-01-04T12:54:27 CET" name="failedLogin" data-provider="failedLogin" finished-at="2023-01-04T12:54:28 CET" duration-ms="418" status="PASS">
          <params>
            <param index="0">
              <value>
                <![CDATA[invalidUser]]>
              </value>
            </param>
            <param index="1">
              <value>
                <![CDATA[invalidPassword]]>
              </value>
            </param>
            <param index="2">
              <value>
                <![CDATA[Epic sadface: Username and password do not match any user in this service]]>
              </value>
            </param>
          </params>
          <reporter-output>
          </reporter-output>
        </test-method> <!-- failedLogin -->
        <test-method is-config="true" signature="tearDown()[pri:0, instance:loginTests.FailedLoginTest@7f552bd3]" started-at="2023-01-04T12:54:28 CET" name="tearDown" finished-at="2023-01-04T12:54:29 CET" duration-ms="683" status="PASS">
          <reporter-output>
          </reporter-output>
        </test-method> <!-- tearDown -->
        <test-method is-config="true" signature="setup(java.lang.String)[pri:0, instance:loginTests.FailedLoginTest@7f552bd3]" started-at="2023-01-04T12:54:29 CET" name="setup" finished-at="2023-01-04T12:54:31 CET" duration-ms="2885" status="PASS">
          <params>
            <param index="0">
              <value>
                <![CDATA[firefox]]>
              </value>
            </param>
          </params>
          <reporter-output>
          </reporter-output>
        </test-method> <!-- setup -->
        <test-method signature="failedLogin(java.lang.String,java.lang.String,java.lang.String)[pri:0, instance:loginTests.FailedLoginTest@7f552bd3]" started-at="2023-01-04T12:54:31 CET" name="failedLogin" data-provider="failedLogin" finished-at="2023-01-04T12:54:32 CET" duration-ms="452" status="PASS">
          <params>
            <param index="0">
              <value>
                <![CDATA[standard_user]]>
              </value>
            </param>
            <param index="1">
              <value>
                <![CDATA[invalidPassword]]>
              </value>
            </param>
            <param index="2">
              <value>
                <![CDATA[Epic sadface: Username and password do not match any user in this service]]>
              </value>
            </param>
          </params>
          <reporter-output>
          </reporter-output>
        </test-method> <!-- failedLogin -->
        <test-method is-config="true" signature="tearDown()[pri:0, instance:loginTests.FailedLoginTest@7f552bd3]" started-at="2023-01-04T12:54:32 CET" name="tearDown" finished-at="2023-01-04T12:54:33 CET" duration-ms="704" status="PASS">
          <reporter-output>
          </reporter-output>
        </test-method> <!-- tearDown -->
        <test-method is-config="true" signature="setup(java.lang.String)[pri:0, instance:loginTests.FailedLoginTest@7f552bd3]" started-at="2023-01-04T12:54:33 CET" name="setup" finished-at="2023-01-04T12:54:35 CET" duration-ms="2843" status="PASS">
          <params>
            <param index="0">
              <value>
                <![CDATA[firefox]]>
              </value>
            </param>
          </params>
          <reporter-output>
          </reporter-output>
        </test-method> <!-- setup -->
        <test-method signature="failedLogin(java.lang.String,java.lang.String,java.lang.String)[pri:0, instance:loginTests.FailedLoginTest@7f552bd3]" started-at="2023-01-04T12:54:35 CET" name="failedLogin" data-provider="failedLogin" finished-at="2023-01-04T12:54:36 CET" duration-ms="447" status="PASS">
          <params>
            <param index="0">
              <value>
                <![CDATA[invalidUser]]>
              </value>
            </param>
            <param index="1">
              <value>
                <![CDATA[secret_sauce]]>
              </value>
            </param>
            <param index="2">
              <value>
                <![CDATA[Epic sadface: Username and password do not match any user in this service]]>
              </value>
            </param>
          </params>
          <reporter-output>
          </reporter-output>
        </test-method> <!-- failedLogin -->
        <test-method is-config="true" signature="tearDown()[pri:0, instance:loginTests.FailedLoginTest@7f552bd3]" started-at="2023-01-04T12:54:36 CET" name="tearDown" finished-at="2023-01-04T12:54:37 CET" duration-ms="697" status="PASS">
          <reporter-output>
          </reporter-output>
        </test-method> <!-- tearDown -->
        <test-method is-config="true" signature="setup(java.lang.String)[pri:0, instance:loginTests.FailedLoginTest@7f552bd3]" started-at="2023-01-04T12:54:37 CET" name="setup" finished-at="2023-01-04T12:54:40 CET" duration-ms="2909" status="PASS">
          <params>
            <param index="0">
              <value>
                <![CDATA[firefox]]>
              </value>
            </param>
          </params>
          <reporter-output>
          </reporter-output>
        </test-method> <!-- setup -->
        <test-method signature="failedLogin(java.lang.String,java.lang.String,java.lang.String)[pri:0, instance:loginTests.FailedLoginTest@7f552bd3]" started-at="2023-01-04T12:54:40 CET" name="failedLogin" data-provider="failedLogin" finished-at="2023-01-04T12:54:40 CET" duration-ms="387" status="PASS">
          <params>
            <param index="0">
              <value>
                <![CDATA[]]>
              </value>
            </param>
            <param index="1">
              <value>
                <![CDATA[]]>
              </value>
            </param>
            <param index="2">
              <value>
                <![CDATA[Epic sadface: Username is required]]>
              </value>
            </param>
          </params>
          <reporter-output>
          </reporter-output>
        </test-method> <!-- failedLogin -->
        <test-method is-config="true" signature="tearDown()[pri:0, instance:loginTests.FailedLoginTest@7f552bd3]" started-at="2023-01-04T12:54:40 CET" name="tearDown" finished-at="2023-01-04T12:54:41 CET" duration-ms="682" status="PASS">
          <reporter-output>
          </reporter-output>
        </test-method> <!-- tearDown -->
        <test-method is-config="true" signature="setup(java.lang.String)[pri:0, instance:loginTests.FailedLoginTest@7f552bd3]" started-at="2023-01-04T12:54:41 CET" name="setup" finished-at="2023-01-04T12:54:43 CET" duration-ms="2810" status="PASS">
          <params>
            <param index="0">
              <value>
                <![CDATA[firefox]]>
              </value>
            </param>
          </params>
          <reporter-output>
          </reporter-output>
        </test-method> <!-- setup -->
        <test-method signature="failedLogin(java.lang.String,java.lang.String,java.lang.String)[pri:0, instance:loginTests.FailedLoginTest@7f552bd3]" started-at="2023-01-04T12:54:43 CET" name="failedLogin" data-provider="failedLogin" finished-at="2023-01-04T12:54:44 CET" duration-ms="428" status="PASS">
          <params>
            <param index="0">
              <value>
                <![CDATA[invalidUser]]>
              </value>
            </param>
            <param index="1">
              <value>
                <![CDATA[]]>
              </value>
            </param>
            <param index="2">
              <value>
                <![CDATA[Epic sadface: Password is required]]>
              </value>
            </param>
          </params>
          <reporter-output>
          </reporter-output>
        </test-method> <!-- failedLogin -->
        <test-method is-config="true" signature="tearDown()[pri:0, instance:loginTests.FailedLoginTest@7f552bd3]" started-at="2023-01-04T12:54:44 CET" name="tearDown" finished-at="2023-01-04T12:54:45 CET" duration-ms="714" status="PASS">
          <reporter-output>
          </reporter-output>
        </test-method> <!-- tearDown -->
        <test-method is-config="true" signature="setup(java.lang.String)[pri:0, instance:loginTests.FailedLoginTest@7f552bd3]" started-at="2023-01-04T12:54:45 CET" name="setup" finished-at="2023-01-04T12:54:47 CET" duration-ms="2798" status="PASS">
          <params>
            <param index="0">
              <value>
                <![CDATA[firefox]]>
              </value>
            </param>
          </params>
          <reporter-output>
          </reporter-output>
        </test-method> <!-- setup -->
        <test-method signature="failedLogin(java.lang.String,java.lang.String,java.lang.String)[pri:0, instance:loginTests.FailedLoginTest@7f552bd3]" started-at="2023-01-04T12:54:47 CET" name="failedLogin" data-provider="failedLogin" finished-at="2023-01-04T12:54:48 CET" duration-ms="409" status="PASS">
          <params>
            <param index="0">
              <value>
                <![CDATA[]]>
              </value>
            </param>
            <param index="1">
              <value>
                <![CDATA[invalidPassword]]>
              </value>
            </param>
            <param index="2">
              <value>
                <![CDATA[Epic sadface: Username is required]]>
              </value>
            </param>
          </params>
          <reporter-output>
          </reporter-output>
        </test-method> <!-- failedLogin -->
        <test-method is-config="true" signature="tearDown()[pri:0, instance:loginTests.FailedLoginTest@7f552bd3]" started-at="2023-01-04T12:54:48 CET" name="tearDown" finished-at="2023-01-04T12:54:48 CET" duration-ms="702" status="PASS">
          <reporter-output>
          </reporter-output>
        </test-method> <!-- tearDown -->
      </class> <!-- loginTests.FailedLoginTest -->
      <class name="testsWithLoggedInUser.AddRandomItemToCart">
        <test-method is-config="true" signature="setup(java.lang.String)[pri:0, instance:testsWithLoggedInUser.AddRandomItemToCart@3aefe5e5]" started-at="2023-01-04T12:55:07 CET" name="setup" finished-at="2023-01-04T12:55:10 CET" duration-ms="3342" status="PASS">
          <params>
            <param index="0">
              <value>
                <![CDATA[firefox]]>
              </value>
            </param>
          </params>
          <reporter-output>
          </reporter-output>
        </test-method> <!-- setup -->
        <test-method signature="addRandomItemToCart()[pri:0, instance:testsWithLoggedInUser.AddRandomItemToCart@3aefe5e5]" started-at="2023-01-04T12:55:10 CET" name="addRandomItemToCart" finished-at="2023-01-04T12:55:10 CET" duration-ms="250" status="PASS">
          <reporter-output>
          </reporter-output>
        </test-method> <!-- addRandomItemToCart -->
        <test-method is-config="true" signature="tearDown()[pri:0, instance:testsWithLoggedInUser.AddRandomItemToCart@3aefe5e5]" started-at="2023-01-04T12:55:10 CET" name="tearDown" finished-at="2023-01-04T12:55:11 CET" duration-ms="721" status="PASS">
          <reporter-output>
          </reporter-output>
        </test-method> <!-- tearDown -->
      </class> <!-- testsWithLoggedInUser.AddRandomItemToCart -->
      <class name="loginTests.LoginTest">
        <test-method is-config="true" signature="setup(java.lang.String)[pri:0, instance:loginTests.LoginTest@3c22fc4c]" started-at="2023-01-04T12:54:48 CET" name="setup" finished-at="2023-01-04T12:54:51 CET" duration-ms="2682" status="PASS">
          <params>
            <param index="0">
              <value>
                <![CDATA[firefox]]>
              </value>
            </param>
          </params>
          <reporter-output>
          </reporter-output>
        </test-method> <!-- setup -->
        <test-method signature="login()[pri:0, instance:loginTests.LoginTest@3c22fc4c]" started-at="2023-01-04T12:54:51 CET" name="login" finished-at="2023-01-04T12:54:52 CET" duration-ms="483" status="PASS">
          <reporter-output>
          </reporter-output>
        </test-method> <!-- login -->
        <test-method is-config="true" signature="tearDown()[pri:0, instance:loginTests.LoginTest@3c22fc4c]" started-at="2023-01-04T12:54:52 CET" name="tearDown" finished-at="2023-01-04T12:54:52 CET" duration-ms="832" status="PASS">
          <reporter-output>
          </reporter-output>
        </test-method> <!-- tearDown -->
      </class> <!-- loginTests.LoginTest -->
      <class name="testsWithLoggedInUser.AddMinMaxCostToCart">
        <test-method is-config="true" signature="setup(java.lang.String)[pri:0, instance:testsWithLoggedInUser.AddMinMaxCostToCart@149e0f5d]" started-at="2023-01-04T12:55:11 CET" name="setup" finished-at="2023-01-04T12:55:14 CET" duration-ms="3298" status="PASS">
          <params>
            <param index="0">
              <value>
                <![CDATA[firefox]]>
              </value>
            </param>
          </params>
          <reporter-output>
          </reporter-output>
        </test-method> <!-- setup -->
        <test-method signature="addMinMaxToCart()[pri:0, instance:testsWithLoggedInUser.AddMinMaxCostToCart@149e0f5d]" started-at="2023-01-04T12:55:14 CET" name="addMinMaxToCart" finished-at="2023-01-04T12:55:15 CET" duration-ms="671" status="PASS">
          <reporter-output>
          </reporter-output>
        </test-method> <!-- addMinMaxToCart -->
        <test-method is-config="true" signature="tearDown()[pri:0, instance:testsWithLoggedInUser.AddMinMaxCostToCart@149e0f5d]" started-at="2023-01-04T12:55:15 CET" name="tearDown" finished-at="2023-01-04T12:55:16 CET" duration-ms="718" status="PASS">
          <reporter-output>
          </reporter-output>
        </test-method> <!-- tearDown -->
      </class> <!-- testsWithLoggedInUser.AddMinMaxCostToCart -->
      <class name="testsWithLoggedInUser.LogoutTest">
        <test-method is-config="true" signature="setup(java.lang.String)[pri:0, instance:testsWithLoggedInUser.LogoutTest@460d0a57]" started-at="2023-01-04T12:54:52 CET" name="setup" finished-at="2023-01-04T12:54:56 CET" duration-ms="3268" status="PASS">
          <params>
            <param index="0">
              <value>
                <![CDATA[firefox]]>
              </value>
            </param>
          </params>
          <reporter-output>
          </reporter-output>
        </test-method> <!-- setup -->
        <test-method signature="logoutTest()[pri:0, instance:testsWithLoggedInUser.LogoutTest@460d0a57]" started-at="2023-01-04T12:54:56 CET" name="logoutTest" finished-at="2023-01-04T12:54:56 CET" duration-ms="509" status="PASS">
          <reporter-output>
          </reporter-output>
        </test-method> <!-- logoutTest -->
        <test-method is-config="true" signature="tearDown()[pri:0, instance:testsWithLoggedInUser.LogoutTest@460d0a57]" started-at="2023-01-04T12:54:56 CET" name="tearDown" finished-at="2023-01-04T12:54:57 CET" duration-ms="739" status="PASS">
          <reporter-output>
          </reporter-output>
        </test-method> <!-- tearDown -->
      </class> <!-- testsWithLoggedInUser.LogoutTest -->
      <class name="testsWithLoggedInUser.AddToCartTest">
        <test-method is-config="true" signature="setup(java.lang.String)[pri:0, instance:testsWithLoggedInUser.AddToCartTest@47d90b9e]" started-at="2023-01-04T12:54:57 CET" name="setup" finished-at="2023-01-04T12:55:00 CET" duration-ms="3296" status="PASS">
          <params>
            <param index="0">
              <value>
                <![CDATA[firefox]]>
              </value>
            </param>
          </params>
          <reporter-output>
          </reporter-output>
        </test-method> <!-- setup -->
        <test-method signature="addToCartTest()[pri:0, instance:testsWithLoggedInUser.AddToCartTest@47d90b9e]" started-at="2023-01-04T12:55:00 CET" name="addToCartTest" finished-at="2023-01-04T12:55:01 CET" duration-ms="622" status="PASS">
          <reporter-output>
          </reporter-output>
        </test-method> <!-- addToCartTest -->
        <test-method is-config="true" signature="tearDown()[pri:0, instance:testsWithLoggedInUser.AddToCartTest@47d90b9e]" started-at="2023-01-04T12:55:01 CET" name="tearDown" finished-at="2023-01-04T12:55:02 CET" duration-ms="689" status="PASS">
          <reporter-output>
          </reporter-output>
        </test-method> <!-- tearDown -->
      </class> <!-- testsWithLoggedInUser.AddToCartTest -->
    </test> <!-- Firefox tests -->
    <test started-at="2023-01-04T12:55:16 CET" name="Edge Tests" finished-at="2023-01-04T12:55:40 CET" duration-ms="24216">
      <class name="testsWithLoggedInUser.RemoveFromCartTest">
        <test-method is-config="true" signature="setup(java.lang.String)[pri:0, instance:testsWithLoggedInUser.RemoveFromCartTest@5be6e01c]" started-at="2023-01-04T12:55:33 CET" name="setup" finished-at="2023-01-04T12:55:35 CET" duration-ms="1653" status="PASS">
          <params>
            <param index="0">
              <value>
                <![CDATA[edge]]>
              </value>
            </param>
          </params>
          <reporter-output>
          </reporter-output>
        </test-method> <!-- setup -->
        <test-method signature="addToCartTest()[pri:0, instance:testsWithLoggedInUser.RemoveFromCartTest@5be6e01c]" started-at="2023-01-04T12:55:35 CET" name="addToCartTest" finished-at="2023-01-04T12:55:35 CET" duration-ms="395" status="PASS">
          <reporter-output>
          </reporter-output>
        </test-method> <!-- addToCartTest -->
        <test-method is-config="true" signature="tearDown()[pri:0, instance:testsWithLoggedInUser.RemoveFromCartTest@5be6e01c]" started-at="2023-01-04T12:55:35 CET" name="tearDown" finished-at="2023-01-04T12:55:35 CET" duration-ms="169" status="PASS">
          <reporter-output>
          </reporter-output>
        </test-method> <!-- tearDown -->
      </class> <!-- testsWithLoggedInUser.RemoveFromCartTest -->
      <class name="loginTests.FailedLoginTest">
        <test-method is-config="true" signature="setup(java.lang.String)[pri:0, instance:loginTests.FailedLoginTest@6af93788]" started-at="2023-01-04T12:55:16 CET" name="setup" finished-at="2023-01-04T12:55:17 CET" duration-ms="1705" status="PASS">
          <params>
            <param index="0">
              <value>
                <![CDATA[edge]]>
              </value>
            </param>
          </params>
          <reporter-output>
          </reporter-output>
        </test-method> <!-- setup -->
        <test-method signature="failedLogin(java.lang.String,java.lang.String,java.lang.String)[pri:0, instance:loginTests.FailedLoginTest@6af93788]" started-at="2023-01-04T12:55:17 CET" name="failedLogin" data-provider="failedLogin" finished-at="2023-01-04T12:55:18 CET" duration-ms="343" status="PASS">
          <params>
            <param index="0">
              <value>
                <![CDATA[invalidUser]]>
              </value>
            </param>
            <param index="1">
              <value>
                <![CDATA[invalidPassword]]>
              </value>
            </param>
            <param index="2">
              <value>
                <![CDATA[Epic sadface: Username and password do not match any user in this service]]>
              </value>
            </param>
          </params>
          <reporter-output>
          </reporter-output>
        </test-method> <!-- failedLogin -->
        <test-method is-config="true" signature="tearDown()[pri:0, instance:loginTests.FailedLoginTest@6af93788]" started-at="2023-01-04T12:55:18 CET" name="tearDown" finished-at="2023-01-04T12:55:18 CET" duration-ms="182" status="PASS">
          <reporter-output>
          </reporter-output>
        </test-method> <!-- tearDown -->
        <test-method is-config="true" signature="setup(java.lang.String)[pri:0, instance:loginTests.FailedLoginTest@6af93788]" started-at="2023-01-04T12:55:18 CET" name="setup" finished-at="2023-01-04T12:55:19 CET" duration-ms="1274" status="PASS">
          <params>
            <param index="0">
              <value>
                <![CDATA[edge]]>
              </value>
            </param>
          </params>
          <reporter-output>
          </reporter-output>
        </test-method> <!-- setup -->
        <test-method signature="failedLogin(java.lang.String,java.lang.String,java.lang.String)[pri:0, instance:loginTests.FailedLoginTest@6af93788]" started-at="2023-01-04T12:55:19 CET" name="failedLogin" data-provider="failedLogin" finished-at="2023-01-04T12:55:20 CET" duration-ms="371" status="PASS">
          <params>
            <param index="0">
              <value>
                <![CDATA[standard_user]]>
              </value>
            </param>
            <param index="1">
              <value>
                <![CDATA[invalidPassword]]>
              </value>
            </param>
            <param index="2">
              <value>
                <![CDATA[Epic sadface: Username and password do not match any user in this service]]>
              </value>
            </param>
          </params>
          <reporter-output>
          </reporter-output>
        </test-method> <!-- failedLogin -->
        <test-method is-config="true" signature="tearDown()[pri:0, instance:loginTests.FailedLoginTest@6af93788]" started-at="2023-01-04T12:55:20 CET" name="tearDown" finished-at="2023-01-04T12:55:20 CET" duration-ms="174" status="PASS">
          <reporter-output>
          </reporter-output>
        </test-method> <!-- tearDown -->
        <test-method is-config="true" signature="setup(java.lang.String)[pri:0, instance:loginTests.FailedLoginTest@6af93788]" started-at="2023-01-04T12:55:20 CET" name="setup" finished-at="2023-01-04T12:55:21 CET" duration-ms="1155" status="PASS">
          <params>
            <param index="0">
              <value>
                <![CDATA[edge]]>
              </value>
            </param>
          </params>
          <reporter-output>
          </reporter-output>
        </test-method> <!-- setup -->
        <test-method signature="failedLogin(java.lang.String,java.lang.String,java.lang.String)[pri:0, instance:loginTests.FailedLoginTest@6af93788]" started-at="2023-01-04T12:55:21 CET" name="failedLogin" data-provider="failedLogin" finished-at="2023-01-04T12:55:21 CET" duration-ms="349" status="PASS">
          <params>
            <param index="0">
              <value>
                <![CDATA[invalidUser]]>
              </value>
            </param>
            <param index="1">
              <value>
                <![CDATA[secret_sauce]]>
              </value>
            </param>
            <param index="2">
              <value>
                <![CDATA[Epic sadface: Username and password do not match any user in this service]]>
              </value>
            </param>
          </params>
          <reporter-output>
          </reporter-output>
        </test-method> <!-- failedLogin -->
        <test-method is-config="true" signature="tearDown()[pri:0, instance:loginTests.FailedLoginTest@6af93788]" started-at="2023-01-04T12:55:21 CET" name="tearDown" finished-at="2023-01-04T12:55:21 CET" duration-ms="184" status="PASS">
          <reporter-output>
          </reporter-output>
        </test-method> <!-- tearDown -->
        <test-method is-config="true" signature="setup(java.lang.String)[pri:0, instance:loginTests.FailedLoginTest@6af93788]" started-at="2023-01-04T12:55:21 CET" name="setup" finished-at="2023-01-04T12:55:22 CET" duration-ms="1132" status="PASS">
          <params>
            <param index="0">
              <value>
                <![CDATA[edge]]>
              </value>
            </param>
          </params>
          <reporter-output>
          </reporter-output>
        </test-method> <!-- setup -->
        <test-method signature="failedLogin(java.lang.String,java.lang.String,java.lang.String)[pri:0, instance:loginTests.FailedLoginTest@6af93788]" started-at="2023-01-04T12:55:22 CET" name="failedLogin" data-provider="failedLogin" finished-at="2023-01-04T12:55:23 CET" duration-ms="276" status="PASS">
          <params>
            <param index="0">
              <value>
                <![CDATA[]]>
              </value>
            </param>
            <param index="1">
              <value>
                <![CDATA[]]>
              </value>
            </param>
            <param index="2">
              <value>
                <![CDATA[Epic sadface: Username is required]]>
              </value>
            </param>
          </params>
          <reporter-output>
          </reporter-output>
        </test-method> <!-- failedLogin -->
        <test-method is-config="true" signature="tearDown()[pri:0, instance:loginTests.FailedLoginTest@6af93788]" started-at="2023-01-04T12:55:23 CET" name="tearDown" finished-at="2023-01-04T12:55:23 CET" duration-ms="204" status="PASS">
          <reporter-output>
          </reporter-output>
        </test-method> <!-- tearDown -->
        <test-method is-config="true" signature="setup(java.lang.String)[pri:0, instance:loginTests.FailedLoginTest@6af93788]" started-at="2023-01-04T12:55:23 CET" name="setup" finished-at="2023-01-04T12:55:24 CET" duration-ms="1278" status="PASS">
          <params>
            <param index="0">
              <value>
                <![CDATA[edge]]>
              </value>
            </param>
          </params>
          <reporter-output>
          </reporter-output>
        </test-method> <!-- setup -->
        <test-method signature="failedLogin(java.lang.String,java.lang.String,java.lang.String)[pri:0, instance:loginTests.FailedLoginTest@6af93788]" started-at="2023-01-04T12:55:24 CET" name="failedLogin" data-provider="failedLogin" finished-at="2023-01-04T12:55:25 CET" duration-ms="302" status="PASS">
          <params>
            <param index="0">
              <value>
                <![CDATA[invalidUser]]>
              </value>
            </param>
            <param index="1">
              <value>
                <![CDATA[]]>
              </value>
            </param>
            <param index="2">
              <value>
                <![CDATA[Epic sadface: Password is required]]>
              </value>
            </param>
          </params>
          <reporter-output>
          </reporter-output>
        </test-method> <!-- failedLogin -->
        <test-method is-config="true" signature="tearDown()[pri:0, instance:loginTests.FailedLoginTest@6af93788]" started-at="2023-01-04T12:55:25 CET" name="tearDown" finished-at="2023-01-04T12:55:25 CET" duration-ms="187" status="PASS">
          <reporter-output>
          </reporter-output>
        </test-method> <!-- tearDown -->
        <test-method is-config="true" signature="setup(java.lang.String)[pri:0, instance:loginTests.FailedLoginTest@6af93788]" started-at="2023-01-04T12:55:25 CET" name="setup" finished-at="2023-01-04T12:55:26 CET" duration-ms="1156" status="PASS">
          <params>
            <param index="0">
              <value>
                <![CDATA[edge]]>
              </value>
            </param>
          </params>
          <reporter-output>
          </reporter-output>
        </test-method> <!-- setup -->
        <test-method signature="failedLogin(java.lang.String,java.lang.String,java.lang.String)[pri:0, instance:loginTests.FailedLoginTest@6af93788]" started-at="2023-01-04T12:55:26 CET" name="failedLogin" data-provider="failedLogin" finished-at="2023-01-04T12:55:26 CET" duration-ms="367" status="PASS">
          <params>
            <param index="0">
              <value>
                <![CDATA[]]>
              </value>
            </param>
            <param index="1">
              <value>
                <![CDATA[invalidPassword]]>
              </value>
            </param>
            <param index="2">
              <value>
                <![CDATA[Epic sadface: Username is required]]>
              </value>
            </param>
          </params>
          <reporter-output>
          </reporter-output>
        </test-method> <!-- failedLogin -->
        <test-method is-config="true" signature="tearDown()[pri:0, instance:loginTests.FailedLoginTest@6af93788]" started-at="2023-01-04T12:55:26 CET" name="tearDown" finished-at="2023-01-04T12:55:26 CET" duration-ms="173" status="PASS">
          <reporter-output>
          </reporter-output>
        </test-method> <!-- tearDown -->
      </class> <!-- loginTests.FailedLoginTest -->
      <class name="testsWithLoggedInUser.AddRandomItemToCart">
        <test-method is-config="true" signature="setup(java.lang.String)[pri:0, instance:testsWithLoggedInUser.AddRandomItemToCart@1c93084c]" started-at="2023-01-04T12:55:35 CET" name="setup" finished-at="2023-01-04T12:55:37 CET" duration-ms="1563" status="PASS">
          <params>
            <param index="0">
              <value>
                <![CDATA[edge]]>
              </value>
            </param>
          </params>
          <reporter-output>
          </reporter-output>
        </test-method> <!-- setup -->
        <test-method signature="addRandomItemToCart()[pri:0, instance:testsWithLoggedInUser.AddRandomItemToCart@1c93084c]" started-at="2023-01-04T12:55:37 CET" name="addRandomItemToCart" finished-at="2023-01-04T12:55:37 CET" duration-ms="276" status="PASS">
          <reporter-output>
          </reporter-output>
        </test-method> <!-- addRandomItemToCart -->
        <test-method is-config="true" signature="tearDown()[pri:0, instance:testsWithLoggedInUser.AddRandomItemToCart@1c93084c]" started-at="2023-01-04T12:55:37 CET" name="tearDown" finished-at="2023-01-04T12:55:37 CET" duration-ms="188" status="PASS">
          <reporter-output>
          </reporter-output>
        </test-method> <!-- tearDown -->
      </class> <!-- testsWithLoggedInUser.AddRandomItemToCart -->
      <class name="loginTests.LoginTest">
        <test-method is-config="true" signature="setup(java.lang.String)[pri:0, instance:loginTests.LoginTest@ef9296d]" started-at="2023-01-04T12:55:26 CET" name="setup" finished-at="2023-01-04T12:55:28 CET" duration-ms="1290" status="PASS">
          <params>
            <param index="0">
              <value>
                <![CDATA[edge]]>
              </value>
            </param>
          </params>
          <reporter-output>
          </reporter-output>
        </test-method> <!-- setup -->
        <test-method signature="login()[pri:0, instance:loginTests.LoginTest@ef9296d]" started-at="2023-01-04T12:55:28 CET" name="login" finished-at="2023-01-04T12:55:28 CET" duration-ms="455" status="PASS">
          <reporter-output>
          </reporter-output>
        </test-method> <!-- login -->
        <test-method is-config="true" signature="tearDown()[pri:0, instance:loginTests.LoginTest@ef9296d]" started-at="2023-01-04T12:55:28 CET" name="tearDown" finished-at="2023-01-04T12:55:28 CET" duration-ms="225" status="PASS">
          <reporter-output>
          </reporter-output>
        </test-method> <!-- tearDown -->
      </class> <!-- loginTests.LoginTest -->
      <class name="testsWithLoggedInUser.AddMinMaxCostToCart">
        <test-method is-config="true" signature="setup(java.lang.String)[pri:0, instance:testsWithLoggedInUser.AddMinMaxCostToCart@6ef888f6]" started-at="2023-01-04T12:55:37 CET" name="setup" finished-at="2023-01-04T12:55:39 CET" duration-ms="1593" status="PASS">
          <params>
            <param index="0">
              <value>
                <![CDATA[edge]]>
              </value>
            </param>
          </params>
          <reporter-output>
          </reporter-output>
        </test-method> <!-- setup -->
        <test-method signature="addMinMaxToCart()[pri:0, instance:testsWithLoggedInUser.AddMinMaxCostToCart@6ef888f6]" started-at="2023-01-04T12:55:39 CET" name="addMinMaxToCart" finished-at="2023-01-04T12:55:40 CET" duration-ms="607" status="PASS">
          <reporter-output>
          </reporter-output>
        </test-method> <!-- addMinMaxToCart -->
        <test-method is-config="true" signature="tearDown()[pri:0, instance:testsWithLoggedInUser.AddMinMaxCostToCart@6ef888f6]" started-at="2023-01-04T12:55:40 CET" name="tearDown" finished-at="2023-01-04T12:55:40 CET" duration-ms="191" status="PASS">
          <reporter-output>
          </reporter-output>
        </test-method> <!-- tearDown -->
      </class> <!-- testsWithLoggedInUser.AddMinMaxCostToCart -->
      <class name="testsWithLoggedInUser.LogoutTest">
        <test-method is-config="true" signature="setup(java.lang.String)[pri:0, instance:testsWithLoggedInUser.LogoutTest@36c88a32]" started-at="2023-01-04T12:55:28 CET" name="setup" finished-at="2023-01-04T12:55:30 CET" duration-ms="1602" status="PASS">
          <params>
            <param index="0">
              <value>
                <![CDATA[edge]]>
              </value>
            </param>
          </params>
          <reporter-output>
          </reporter-output>
        </test-method> <!-- setup -->
        <test-method signature="logoutTest()[pri:0, instance:testsWithLoggedInUser.LogoutTest@36c88a32]" started-at="2023-01-04T12:55:30 CET" name="logoutTest" finished-at="2023-01-04T12:55:31 CET" duration-ms="872" status="PASS">
          <reporter-output>
          </reporter-output>
        </test-method> <!-- logoutTest -->
        <test-method is-config="true" signature="tearDown()[pri:0, instance:testsWithLoggedInUser.LogoutTest@36c88a32]" started-at="2023-01-04T12:55:31 CET" name="tearDown" finished-at="2023-01-04T12:55:31 CET" duration-ms="174" status="PASS">
          <reporter-output>
          </reporter-output>
        </test-method> <!-- tearDown -->
      </class> <!-- testsWithLoggedInUser.LogoutTest -->
      <class name="testsWithLoggedInUser.AddToCartTest">
        <test-method is-config="true" signature="setup(java.lang.String)[pri:0, instance:testsWithLoggedInUser.AddToCartTest@7880cdf3]" started-at="2023-01-04T12:55:31 CET" name="setup" finished-at="2023-01-04T12:55:33 CET" duration-ms="1634" status="PASS">
          <params>
            <param index="0">
              <value>
                <![CDATA[edge]]>
              </value>
            </param>
          </params>
          <reporter-output>
          </reporter-output>
        </test-method> <!-- setup -->
        <test-method signature="addToCartTest()[pri:0, instance:testsWithLoggedInUser.AddToCartTest@7880cdf3]" started-at="2023-01-04T12:55:33 CET" name="addToCartTest" finished-at="2023-01-04T12:55:33 CET" duration-ms="333" status="PASS">
          <reporter-output>
          </reporter-output>
        </test-method> <!-- addToCartTest -->
        <test-method is-config="true" signature="tearDown()[pri:0, instance:testsWithLoggedInUser.AddToCartTest@7880cdf3]" started-at="2023-01-04T12:55:33 CET" name="tearDown" finished-at="2023-01-04T12:55:33 CET" duration-ms="174" status="PASS">
          <reporter-output>
          </reporter-output>
        </test-method> <!-- tearDown -->
      </class> <!-- testsWithLoggedInUser.AddToCartTest -->
    </test> <!-- Edge Tests -->
  </suite> <!-- Regression -->
</testng-results>
